

Alibaba CDP Console, Build 201501301120 .
Copyright 2014 Alibaba Group, All rights reserved .
2016-04-19 20:09:22 : Start Job[11478], traceId [odps to rds job test], running in Pipeline[odps_ots_test]
2016-04-19 20:09:22 : ---
Reader: odps 

	                  project=[ydt_dat_hds                   ]
	                partition=[dt=20160406                   ]
	               *accessKey=[********                      ]
	                   column=[["occur_date","deal_state","credit_org_code","debit_org_code","order_sn"]]
	                    table=[f_his_ccs_fee_settle_order    ]
	                 accessId=[d5acUDf6Na5MkpuQ              ]
Writer: ots 
	                writeMode=[PutRow                        ]
	               *accessKey=[********                      ]
	             instanceName=[YDT-DAT-HDS-OTS               ]
	               primaryKey=[[{"name":"occur_date","type":"STRING"},{"name":"deal_state","type":"STRING"},{"name":"credit_org_code","type":"STRING"},{"name":"debit_org_code","type":"STRING"}]]
	                   column=[[{"name":"order_sn","type":"STRING"}]]
	                    table=[his_ccs_fee_settle_order_index]
	                 accessId=[q6iC329hNhDnxQuW              ]
	                 endpoint=[http://YDT-DAT-HDS-OTS.cn-shanghai-zty-d01.ots.dcp.dev.ect-it.com]

2016-04-19 20:09:22 : State: 2(WAIT) | Total: 0R 0B | Speed: 0R/s 0B/s | Error: 0R 0B | Stage: 0.0%
2016-04-19 20:09:32 : State: 3(RUN) | Total: 0R 0B | Speed: 0R/s 0B/s | Error: 0R 0B | Stage: 0.0%
2016-04-19 20:09:42 : State: 0(SUCCESS) | Total: 16R 792B | Speed: 1R/s 79B/s | Error: 0R 0B | Stage: 100.0%
2016-04-19 20:09:42 : CDP Job[11478] completed successfully.
2016-04-19 20:09:42 : ---
CDP Submit at           : 2016-04-19 20:09:22
CDP Start at            : 2016-04-19 20:09:25
CDP Finish at           : 2016-04-19 20:09:37

2016-04-19 20:09:42 : Use "cdp job -log 11478 [-p odps_ots_test]" for more detail.
Exit with SUCCESS. Beautiful is better than ugly.
