

Alibaba CDP Console, Build 201501301120 .
Copyright 2014 Alibaba Group, All rights reserved .
2016-04-19 19:50:06 : Start Job[11467], traceId [odps to rds job test], running in Pipeline[odps_ots_test]
2016-04-19 19:50:06 : ---
Reader: odps 

	                  project=[ydt_dat_hds                   ]
	                partition=[dt='20160415'                 ]
	               *accessKey=[********                      ]
	                   column=[["order_sn","fee_gather_id","currency","credit_org_code","credit_account_type","credit_account_no","debit_org_code","debit_account_type","debit_account_no","trade_amount","success_amount","order_type","deal_state","trans_type","fail_count","occur_date","occur_time","result_code","result_info","reserve1","reserve2","reserve3","tohis_date"]]
	                    table=[f_his_ccs_fee_settle_order    ]
	                 accessId=[d5acUDf6Na5MkpuQ              ]
Writer: ots 
	                writeMode=[PutRow                        ]
	               *accessKey=[********                      ]
	             instanceName=[YDT-DAT-HDS-OTS               ]
	               primaryKey=[[{"name":"order_sn","type":"STRING"}]]
	                   column=[[{"name":"fee_gather_id","type":"STRING"},{"name":"currency","type":"STRING"},{"name":"credit_org_code","type":"STRING"},{"name":"credit_account_type","type":"STRING"},{"name":"credit_account_no","type":"STRING"},{"name":"debit_org_code","type":"STRING"},{"name":"debit_account_type","type":"STRING"},{"name":"debit_account_no","type":"STRING"},{"name":"trade_amount","type":"STRING"},{"name":"success_amount","type":"STRING"},{"name":"order_type","type":"STRING"},{"name":"deal_state","type":"STRING"},{"name":"trans_type","type":"STRING"},{"name":"fail_count","type":"STRING"},{"name":"occur_date","type":"STRING"},{"name":"occur_time","type":"STRING"},{"name":"result_code","type":"STRING"},{"name":"result_info","type":"STRING"},{"name":"reserve1","type":"STRING"},{"name":"reserve2","type":"STRING"},{"name":"reserve3","type":"STRING"},{"name":"tohis_date","type":"STRING"}]]
	                    table=[his_ccs_fee_settle_order      ]
	                 accessId=[q6iC329hNhDnxQuW              ]
	                 endpoint=[http://YDT-DAT-HDS-OTS.cn-shanghai-zty-d01.ots.dcp.dev.ect-it.com]

2016-04-19 19:50:06 : State: 2(WAIT) | Total: 0R 0B | Speed: 0R/s 0B/s | Error: 0R 0B | Stage: 0.0%
2016-04-19 19:50:16 : State: 3(RUN) | Total: 0R 0B | Speed: 0R/s 0B/s | Error: 0R 0B | Stage: 0.0%
2016-04-19 19:50:26 : State: 0(SUCCESS) | Total: 15R 1.4KB | Speed: 1R/s 147B/s | Error: 0R 0B | Stage: 100.0%
2016-04-19 19:50:26 : CDP Job[11467] completed successfully.
2016-04-19 19:50:26 : ---
CDP Submit at           : 2016-04-19 19:50:07
CDP Start at            : 2016-04-19 19:50:08
CDP Finish at           : 2016-04-19 19:50:20

2016-04-19 19:50:26 : Use "cdp job -log 11467 [-p odps_ots_test]" for more detail.
Exit with SUCCESS. Talk is cheap. Show me the code.
